#
# There is insufficient memory for the Java Runtime Environment to continue.
# Native memory allocation (malloc) failed to allocate 1048576 bytes for AllocateHeap
# Possible reasons:
#   The system is out of physical RAM or swap space
#   The process is running with CompressedOops enabled, and the Java Heap may be blocking the growth of the native heap
# Possible solutions:
#   Reduce memory load on the system
#   Increase physical memory or swap space
#   Check if swap backing store is full
#   Decrease Java heap size (-Xmx/-Xms)
#   Decrease number of Java threads
#   Decrease Java thread stack sizes (-Xss)
#   Set larger code cache with -XX:ReservedCodeCacheSize=
#   JVM is running with Unscaled Compressed Oops mode in which the Java heap is
#     placed in the first 4GB address space. The Java Heap base address is the
#     maximum limit for the native heap growth. Please use -XX:HeapBaseMinAddress
#     to set the Java Heap base and to place the Java Heap above 4GB virtual address.
# This output file may be truncated or incomplete.
#
#  Out of Memory Error (allocation.cpp:44), pid=5160, tid=13584
#
# JRE version:  (17.0.6) (build )
# Java VM: OpenJDK 64-Bit Server VM (17.0.6+0-b2043.56-10027231, mixed mode, sharing, tiered, compressed oops, compressed class ptrs, g1 gc, windows-amd64)
# No core dump will be written. Minidumps are not enabled by default on client versions of Windows
#

---------------  S U M M A R Y ------------

Command Line: git4idea.http.GitAskPassApp Username for 'https://github.com': 

Host: Intel(R) Core(TM) i5-8250U CPU @ 1.60GHz, 8 cores, 7G,  Windows 11 , 64 bit Build 22621 (10.0.22621.2506)
Time: Sun Nov 19 17:41:56 2023 India Standard Time elapsed time: 0.016193 seconds (0d 0h 0m 0s)

---------------  T H R E A D  ---------------

Current thread (0x000001e6c553b770):  JavaThread "Unknown thread" [_thread_in_vm, id=13584, stack(0x000000915fd00000,0x000000915fe00000)]

Stack: [0x000000915fd00000,0x000000915fe00000]
Native frames: (J=compiled Java code, j=interpreted, Vv=VM code, C=native code)
V  [jvm.dll+0x683c9a]
V  [jvm.dll+0x8427a4]
V  [jvm.dll+0x843f9e]
V  [jvm.dll+0x844603]
V  [jvm.dll+0x249b75]
V  [jvm.dll+0xa641f]
V  [jvm.dll+0x2db8c4]
V  [jvm.dll+0x81405c]
V  [jvm.dll+0x36e6a1]
V  [jvm.dll+0x7f35cc]
V  [jvm.dll+0x3f0e8f]
V  [jvm.dll+0x3f29d1]
C  [jli.dll+0x526b]
C  [ucrtbase.dll+0x29363]
C  [KERNEL32.DLL+0x1257d]
C  [ntdll.dll+0x5aa58]


---------------  P R O C E S S  ---------------

Threads class SMR info:
_java_thread_list=0x00007ff9a47fc058, length=0, elements={
}

Java Threads: ( => current thread )

Other Threads:

=>0x000001e6c553b770 (exited) JavaThread "Unknown thread" [_thread_in_vm, id=13584, stack(0x000000915fd00000,0x000000915fe00000)]

Threads with active compile tasks:

VM state: not at safepoint (not fully initialized)

VM Mutex/Monitor currently owned by a thread: None

Heap address: 0x0000000000000000, size: 0 MB, Compressed Oops mode: 32-bit

CDS archive(s) mapped at: [0x0000000000000000-0x0000000000000000-0x0000000000000000), size 0, SharedBaseAddress: 0x0000000800000000, ArchiveRelocationMode: 0.
Narrow klass base: 0x0000000000000000, Narrow klass shift: 0, Narrow klass range: 0x0

GC Precious Log:
<Empty>

GC Heap History (0 events):
No events

Dll operation events (1 events):
Event: 0.012 Loaded shared library C:\Program Files\Android\Android Studio\jbr\bin\java.dll

Deoptimization events (0 events):
No events

Classes unloaded (0 events):
No events

Classes redefined (0 events):
No events

Internal exceptions (0 events):
No events

VM Operations (0 events):
No events

Events (0 events):
No events


Dynamic libraries:
0x00007ff7a28f0000 - 0x00007ff7a28fa000 	C:\Program Files\Android\Android Studio\jbr\bin\java.exe
0x00007ffa164b0000 - 0x00007ffa166c7000 	C:\WINDOWS\SYSTEM32\ntdll.dll
0x00007ffa14e80000 - 0x00007ffa14f44000 	C:\WINDOWS\System32\KERNEL32.DLL
0x00007ffa13bc0000 - 0x00007ffa13f65000 	C:\WINDOWS\System32\KERNELBASE.dll
0x00007ffa13990000 - 0x00007ffa13aa1000 	C:\WINDOWS\System32\ucrtbase.dll
0x00007ff9a33d0000 - 0x00007ff9a33e7000 	C:\Program Files\Android\Android Studio\jbr\bin\jli.dll
0x00007ff9e5460000 - 0x00007ff9e547b000 	C:\Program Files\Android\Android Studio\jbr\bin\VCRUNTIME140.dll
0x00007ffa14b80000 - 0x00007ffa14d2e000 	C:\WINDOWS\System32\USER32.dll
0x00007ffa14150000 - 0x00007ffa14176000 	C:\WINDOWS\System32\win32u.dll
0x00007ff9ff6b0000 - 0x00007ff9ff943000 	C:\WINDOWS\WinSxS\amd64_microsoft.windows.common-controls_6595b64144ccf1df_6.0.22621.2506_none_270c5ae97388e100\COMCTL32.dll
0x00007ffa149a0000 - 0x00007ffa149c9000 	C:\WINDOWS\System32\GDI32.dll
0x00007ffa149d0000 - 0x00007ffa14a77000 	C:\WINDOWS\System32\msvcrt.dll
0x00007ffa13f70000 - 0x00007ffa14089000 	C:\WINDOWS\System32\gdi32full.dll
0x00007ffa13b20000 - 0x00007ffa13bba000 	C:\WINDOWS\System32\msvcp_win.dll
0x00007ffa14700000 - 0x00007ffa14731000 	C:\WINDOWS\System32\IMM32.DLL
0x00007ffa0d860000 - 0x00007ffa0d86c000 	C:\Program Files\Android\Android Studio\jbr\bin\vcruntime140_1.dll
0x00007ff9e53d0000 - 0x00007ff9e545d000 	C:\Program Files\Android\Android Studio\jbr\bin\msvcp140.dll
0x00007ff9a3cc0000 - 0x00007ff9a492e000 	C:\Program Files\Android\Android Studio\jbr\bin\server\jvm.dll
0x00007ffa15f30000 - 0x00007ffa15fe1000 	C:\WINDOWS\System32\ADVAPI32.dll
0x00007ffa142b0000 - 0x00007ffa14356000 	C:\WINDOWS\System32\sechost.dll
0x00007ffa15440000 - 0x00007ffa15557000 	C:\WINDOWS\System32\RPCRT4.dll
0x00007ffa0c9f0000 - 0x00007ffa0ca24000 	C:\WINDOWS\SYSTEM32\WINMM.dll
0x00007ff9fab00000 - 0x00007ff9fab09000 	C:\WINDOWS\SYSTEM32\WSOCK32.dll
0x00007ffa0c520000 - 0x00007ffa0c52a000 	C:\WINDOWS\SYSTEM32\VERSION.dll
0x00007ffa14230000 - 0x00007ffa142a1000 	C:\WINDOWS\System32\WS2_32.dll
0x00007ffa128b0000 - 0x00007ffa128c8000 	C:\WINDOWS\SYSTEM32\kernel.appcore.dll
0x00007ff9a3c80000 - 0x00007ff9a3c8a000 	C:\Program Files\Android\Android Studio\jbr\bin\jimage.dll
0x00007ffa11190000 - 0x00007ffa113c3000 	C:\WINDOWS\SYSTEM32\DBGHELP.DLL
0x00007ffa14360000 - 0x00007ffa146e9000 	C:\WINDOWS\System32\combase.dll
0x00007ffa14740000 - 0x00007ffa14817000 	C:\WINDOWS\System32\OLEAUT32.dll
0x00007ff9f8490000 - 0x00007ff9f84c2000 	C:\WINDOWS\SYSTEM32\dbgcore.DLL
0x00007ffa14180000 - 0x00007ffa141fa000 	C:\WINDOWS\System32\bcryptPrimitives.dll
0x00007ff9a3c50000 - 0x00007ff9a3c75000 	C:\Program Files\Android\Android Studio\jbr\bin\java.dll

dbghelp: loaded successfully - version: 4.0.5 - missing functions: none
symbol engine: initialized successfully - sym options: 0x614 - pdb path: .;C:\Program Files\Android\Android Studio\jbr\bin;C:\WINDOWS\SYSTEM32;C:\WINDOWS\WinSxS\amd64_microsoft.windows.common-controls_6595b64144ccf1df_6.0.22621.2506_none_270c5ae97388e100;C:\Program Files\Android\Android Studio\jbr\bin\server

VM Arguments:
java_command: git4idea.http.GitAskPassApp Username for 'https://github.com': 
java_class_path (initial): C:/Program Files/Android/Android Studio/plugins/vcs-git/lib/git4idea-rt.jar;C:/Program Files/Android/Android Studio/lib/externalProcess-rt.jar;C:/Program Files/Android/Android Studio/lib/app.jar;C:/Program Files/Android/Android Studio/lib/3rd-party-rt.jar
Launcher Type: SUN_STANDARD

[Global flags]
     intx CICompilerCount                          = 4                                         {product} {ergonomic}
     uint ConcGCThreads                            = 2                                         {product} {ergonomic}
     uint G1ConcRefinementThreads                  = 8                                         {product} {ergonomic}
   size_t G1HeapRegionSize                         = 1048576                                   {product} {ergonomic}
    uintx GCDrainStackTargetSize                   = 64                                        {product} {ergonomic}
   size_t InitialHeapSize                          = 134217728                                 {product} {ergonomic}
   size_t MarkStackSize                            = 4194304                                   {product} {ergonomic}
   size_t MaxHeapSize                              = 2118123520                                {product} {ergonomic}
   size_t MinHeapDeltaBytes                        = 1048576                                   {product} {ergonomic}
   size_t MinHeapSize                              = 8388608                                   {product} {ergonomic}
    uintx NonNMethodCodeHeapSize                   = 5839372                                {pd product} {ergonomic}
    uintx NonProfiledCodeHeapSize                  = 122909434                              {pd product} {ergonomic}
    uintx ProfiledCodeHeapSize                     = 122909434                              {pd product} {ergonomic}
    uintx ReservedCodeCacheSize                    = 251658240                              {pd product} {ergonomic}
     bool SegmentedCodeCache                       = true                                      {product} {ergonomic}
   size_t SoftMaxHeapSize                          = 2118123520                             {manageable} {ergonomic}
     bool UseCompressedClassPointers               = true                           {product lp64_product} {ergonomic}
     bool UseCompressedOops                        = true                           {product lp64_product} {ergonomic}
     bool UseG1GC                                  = true                                      {product} {ergonomic}
     bool UseLargePagesIndividualAllocation        = false                                  {pd product} {ergonomic}

Logging:
Log output configuration:
 #0: stdout all=warning uptime,level,tags
 #1: stderr all=off uptime,level,tags

Environment Variables:
JAVA_HOME=C:\Program Files\Java\jdk-21
PATH=C:\Program Files\Git\mingw64\libexec\git-core;C:\Program Files\Git\mingw64\libexec\git-core;C:\Program Files\Git\mingw64\bin;C:\Program Files\Git\usr\bin;C:\Users\hp\bin;C:\Python311\Scripts;C:\Python311;C:\Program Files (x86)\Common Files\Intel\Shared Libraries\redist\intel64\compiler;C:\WINDOWS\system32;C:\WINDOWS;C:\WINDOWS\System32\Wbem;C:\WINDOWS\System32\WindowsPowerShell\v1.0;C:\WINDOWS\System32\OpenSSH;C:\Program Files\Git\cmd;C:\Program Files\dotnet;C:\Program Files\MySQL\MySQL Server 8.0\bin;C:\Program Files\nodejs;C:\ProgramData\chocolatey\bin;C:\Program Files\Java\jdk-21\bin;C:\Program Files\MySQL\MySQL Shell 8.0\bin;C:\Users\hp\AppData\Local\Microsoft\WindowsApps;C:\Users\hp\AppData\Local\Programs\Microsoft VS Code\bin;C:\Users\hp\AppData\Roaming\npm;C:\Python311\Scripts
USERNAME=hp
DISPLAY=:0.0
LC_ALL=en_US.UTF-8
TERM=xterm-256color
TMPDIR=C:\Users\hp\AppData\Local\Temp
OS=Windows_NT
PROCESSOR_IDENTIFIER=Intel64 Family 6 Model 142 Stepping 10, GenuineIntel
TMP=C:\Users\hp\AppData\Local\Temp
TEMP=C:\Users\hp\AppData\Local\Temp


JNI global refs:

[error occurred during error reporting (JNI global references), id 0xc0000005, EXCEPTION_ACCESS_VIOLATION (0xc0000005) at pc=0x00007ff9a3d77a10]


---------------  S Y S T E M  ---------------

OS:
 Windows 11 , 64 bit Build 22621 (10.0.22621.2506)
OS uptime: 0 days 1:54 hours

CPU: total 8 (initial active 8) (4 cores per cpu, 2 threads per core) family 6 model 142 stepping 10 microcode 0xe0, cx8, cmov, fxsr, ht, mmx, 3dnowpref, sse, sse2, sse3, ssse3, sse4.1, sse4.2, popcnt, lzcnt, tsc, tscinvbit, avx, avx2, aes, erms, clmul, bmi1, bmi2, adx, fma, vzeroupper, clflush, clflushopt

Memory: 4k page, system-wide physical 8078M (480M free)
TotalPageFile size 12174M (AvailPageFile size 6M)
current process WorkingSet (physical memory assigned to process): 10M, peak: 10M
current process commit charge ("private bytes"): 11M, peak: 12M

vm_info: OpenJDK 64-Bit Server VM (17.0.6+0-b2043.56-10027231) for windows-amd64 JRE (17.0.6+0-b2043.56-10027231), built on Apr 28 2023 00:43:19 by "androidbuild" with MS VC++ 16.10 / 16.11 (VS2019)

END.
